<?xml version="1.0" encoding="UTF-8"?>
<!-- Generated by org.testng.reporters.JUnitReportReporter -->
<testsuite skipped="0" hostname="L33986WUS" name="com.webdriver.browserfunction.BrowserFunctionRunner" tests="4" failures="0" timestamp="18 Apr 2020 02:02:46 GMT" time="17.378" errors="0">
  <testcase name="runScenario" time="4.208" classname="com.webdriver.browserfunction.BrowserFunctionRunner"/>
  <testcase name="runScenario" time="3.502" classname="com.webdriver.browserfunction.BrowserFunctionRunner"/>
  <testcase name="runScenario" time="5.710" classname="com.webdriver.browserfunction.BrowserFunctionRunner"/>
  <testcase name="runScenario" time="3.958" classname="com.webdriver.browserfunction.BrowserFunctionRunner"/>
</testsuite> <!-- com.webdriver.browserfunction.BrowserFunctionRunner -->
