<?xml version="1.0" encoding="UTF-8"?>
<!-- Generated by org.testng.reporters.JUnitReportReporter -->
<testsuite skipped="0" hostname="L33986WUS" name="com.webdriver.datadriven.exceldriven.ExcelDriveFeatureRunner" tests="1" failures="0" timestamp="09 Oct 2019 23:14:20 GMT" time="87.404" errors="0">
  <testcase name="runScenario" time="87.404" classname="com.webdriver.datadriven.exceldriven.ExcelDriveFeatureRunner"/>
</testsuite> <!-- com.webdriver.datadriven.exceldriven.ExcelDriveFeatureRunner -->
