<?xml version="1.0" encoding="UTF-8"?>
<!-- Generated by org.testng.reporters.JUnitReportReporter -->
<testsuite skipped="0" hostname="L33986WUS" name="com.webdriver.datadriven.DataDrivenRunner" tests="1" failures="0" timestamp="11 Oct 2019 03:41:44 GMT" time="150.300" errors="0">
  <testcase name="runScenario" time="150.300" classname="com.webdriver.datadriven.DataDrivenRunner"/>
</testsuite> <!-- com.webdriver.datadriven.DataDrivenRunner -->
