<?xml version="1.0" encoding="UTF-8"?>
<!-- Generated by org.testng.reporters.JUnitReportReporter -->
<testsuite skipped="0" hostname="L33986WUS" name="com.webdriver.questions.TestXpathOfLocator" tests="1" failures="0" timestamp="23 Nov 2019 17:23:56 GMT" time="72.282" errors="0">
  <testcase name="testGetElementWithXpath" time="72.282" classname="com.webdriver.questions.TestXpathOfLocator"/>
</testsuite> <!-- com.webdriver.questions.TestXpathOfLocator -->
